<?xml version="1.0" encoding="UTF-8"?>
<!-- Generated by org.testng.reporters.JUnitXMLReporter -->
<testsuite ignored="2" hostname="Imran-PC" failures="0" tests="1" name="Default test" time="11.758" errors="0" timestamp="18 Sep 2022 04:15:08 GMT">
  <testcase classname="testcases.SimplilearnLoginTest" name="Test3" time="6.624"/>
  <testcase classname="testcases.SimplilearnLoginTest" name="Test2" time="0.0">
    <ignored/>
  </testcase> <!-- Test2 -->
  <testcase classname="testcases.SimplilearnLoginTest" name="Test1" time="0.0">
    <ignored/>
  </testcase> <!-- Test1 -->
</testsuite> <!-- Default test -->
