<?xml version="1.0" encoding="UTF-8"?>
<!-- Generated by org.testng.reporters.JUnitXMLReporter -->
<testsuite ignored="2" hostname="Imran-PC" failures="0" tests="1" name="Default test" time="16.437" errors="0" timestamp="2022-09-11T10:50:45 IST">
  <testcase classname="testcases.SimplilearnLoginTest" name="Test3" time="10.308"/>
  <testcase classname="testcases.SimplilearnLoginTest" name="Test1" time="0.0">
    <ignored/>
  </testcase> <!-- Test1 -->
  <testcase classname="testcases.SimplilearnLoginTest" name="Test2" time="0.0">
    <ignored/>
  </testcase> <!-- Test2 -->
</testsuite> <!-- Default test -->
