<?xml version="1.0" encoding="UTF-8"?>
<!-- Generated by org.testng.reporters.JUnitXMLReporter -->
<testsuite ignored="0" hostname="Imran-PC" failures="0" tests="3" name="Test" time="30.938" errors="0" timestamp="18 Sep 2022 04:16:59 GMT">
  <testcase classname="testcases.SimplilearnLoginTest" name="Test1" time="6.478"/>
  <testcase classname="testcases.SimplilearnLoginTest" name="Test2" time="6.314"/>
  <testcase classname="testcases.SimplilearnLoginTest" name="Test3" time="6.231"/>
</testsuite> <!-- Test -->
