<?xml version="1.0" encoding="UTF-8"?>
<!-- Generated by org.testng.reporters.JUnitXMLReporter -->
<testsuite ignored="0" hostname="Imran-PC" failures="0" tests="3" name="Test" time="20.582" errors="0" timestamp="2022-09-10T12:31:20 IST">
  <testcase classname="testcases.HomeTest" name="Test1" time="0.002"/>
  <testcase classname="testcases.SimplilearnLoginTest" name="Test1" time="5.848"/>
  <testcase classname="testcases.SimplilearnLoginTest" name="Test2" time="4.822"/>
</testsuite> <!-- Test -->
