<?xml version="1.0" encoding="UTF-8"?>
<!-- Generated by org.testng.reporters.JUnitXMLReporter -->
<testsuite ignored="0" hostname="Imran-PC" failures="0" tests="3" name="Test" time="28.83" errors="0" timestamp="18 Sep 2022 06:36:24 GMT">
  <testcase classname="testcases.SimplilearnLoginTest" name="Test1" time="5.959"/>
  <testcase classname="testcases.SimplilearnLoginTest" name="Test2" time="6.816"/>
  <testcase classname="testcases.SimplilearnLoginTest" name="Test3" time="4.746"/>
</testsuite> <!-- Test -->
