<?xml version="1.0" encoding="UTF-8"?>
<testng-results ignored="0" total="3" passed="3" failed="0" skipped="0">
  <reporter-output>
  </reporter-output>
  <suite started-at="2022-09-18T06:35:55Z" name="Suite" finished-at="2022-09-18T06:36:24Z" duration-ms="28830">
    <groups>
    </groups>
    <test started-at="2022-09-18T06:35:55Z" name="Test" finished-at="2022-09-18T06:36:24Z" duration-ms="28830">
      <class name="testcases.SimplilearnLoginTest">
        <test-method is-config="true" signature="DataSetup()[pri:0, instance:testcases.SimplilearnLoginTest@662706a7]" started-at="2022-09-18T06:35:55Z" name="DataSetup" finished-at="2022-09-18T06:35:56Z" duration-ms="484" status="PASS">
          <reporter-output>
          </reporter-output>
        </test-method> <!-- DataSetup -->
        <test-method is-config="true" signature="Setup(java.lang.reflect.Method)[pri:0, instance:testcases.SimplilearnLoginTest@662706a7]" started-at="2022-09-18T06:35:56Z" name="Setup" finished-at="2022-09-18T06:35:58Z" duration-ms="2038" status="PASS">
          <params>
            <param index="0">
              <value>
                <![CDATA[public void testcases.SimplilearnLoginTest.Test1()]]>
              </value>
            </param>
          </params>
          <reporter-output>
          </reporter-output>
        </test-method> <!-- Setup -->
        <test-method signature="Test1()[pri:0, instance:testcases.SimplilearnLoginTest@662706a7]" started-at="2022-09-18T06:35:58Z" name="Test1" finished-at="2022-09-18T06:36:04Z" duration-ms="5959" status="PASS">
          <reporter-output>
          </reporter-output>
        </test-method> <!-- Test1 -->
        <test-method is-config="true" signature="TearDown()[pri:0, instance:testcases.SimplilearnLoginTest@662706a7]" started-at="2022-09-18T06:36:04Z" name="TearDown" finished-at="2022-09-18T06:36:04Z" duration-ms="57" status="PASS">
          <reporter-output>
          </reporter-output>
        </test-method> <!-- TearDown -->
        <test-method is-config="true" signature="Setup(java.lang.reflect.Method)[pri:0, instance:testcases.SimplilearnLoginTest@662706a7]" started-at="2022-09-18T06:36:04Z" name="Setup" finished-at="2022-09-18T06:36:06Z" duration-ms="1906" status="PASS">
          <params>
            <param index="0">
              <value>
                <![CDATA[public void testcases.SimplilearnLoginTest.Test2(java.lang.String,java.lang.String)]]>
              </value>
            </param>
          </params>
          <reporter-output>
          </reporter-output>
        </test-method> <!-- Setup -->
        <test-method signature="Test2(java.lang.String, java.lang.String)[pri:0, instance:testcases.SimplilearnLoginTest@662706a7]" started-at="2022-09-18T06:36:06Z" name="Test2" finished-at="2022-09-18T06:36:13Z" duration-ms="6816" status="PASS">
          <params>
            <param index="0">
              <value>
                <![CDATA[abc@xyz.com]]>
              </value>
            </param>
            <param index="1">
              <value>
                <![CDATA[Abc@1234]]>
              </value>
            </param>
          </params>
          <reporter-output>
          </reporter-output>
        </test-method> <!-- Test2 -->
        <test-method is-config="true" signature="TearDown()[pri:0, instance:testcases.SimplilearnLoginTest@662706a7]" started-at="2022-09-18T06:36:13Z" name="TearDown" finished-at="2022-09-18T06:36:15Z" duration-ms="2423" status="PASS">
          <reporter-output>
          </reporter-output>
        </test-method> <!-- TearDown -->
        <test-method is-config="true" signature="Setup(java.lang.reflect.Method)[pri:0, instance:testcases.SimplilearnLoginTest@662706a7]" started-at="2022-09-18T06:36:15Z" name="Setup" finished-at="2022-09-18T06:36:17Z" duration-ms="1763" status="PASS">
          <params>
            <param index="0">
              <value>
                <![CDATA[public void testcases.SimplilearnLoginTest.Test3()]]>
              </value>
            </param>
          </params>
          <reporter-output>
          </reporter-output>
        </test-method> <!-- Setup -->
        <test-method signature="Test3()[pri:0, instance:testcases.SimplilearnLoginTest@662706a7]" started-at="2022-09-18T06:36:17Z" name="Test3" finished-at="2022-09-18T06:36:22Z" duration-ms="4746" status="PASS">
          <reporter-output>
          </reporter-output>
        </test-method> <!-- Test3 -->
        <test-method is-config="true" signature="TearDown()[pri:0, instance:testcases.SimplilearnLoginTest@662706a7]" started-at="2022-09-18T06:36:22Z" name="TearDown" finished-at="2022-09-18T06:36:24Z" duration-ms="2431" status="PASS">
          <reporter-output>
          </reporter-output>
        </test-method> <!-- TearDown -->
        <test-method is-config="true" signature="DataClean()[pri:0, instance:testcases.SimplilearnLoginTest@662706a7]" started-at="2022-09-18T06:36:24Z" name="DataClean" finished-at="2022-09-18T06:36:24Z" duration-ms="193" status="PASS">
          <reporter-output>
          </reporter-output>
        </test-method> <!-- DataClean -->
      </class> <!-- testcases.SimplilearnLoginTest -->
    </test> <!-- Test -->
  </suite> <!-- Suite -->
</testng-results>
