<?xml version="1.0" encoding="UTF-8"?>
<testng-results ignored="0" total="3" passed="3" failed="0" skipped="0">
  <reporter-output>
  </reporter-output>
  <suite started-at="2022-09-10T12:31:00 IST" name="Suite" finished-at="2022-09-10T12:31:20 IST" duration-ms="20582">
    <groups>
    </groups>
    <test started-at="2022-09-10T12:31:00 IST" name="Test" finished-at="2022-09-10T12:31:20 IST" duration-ms="20582">
      <class name="testcases.HomeTest">
        <test-method is-config="true" signature="Setup()[pri:0, instance:testcases.HomeTest@6dbb137d]" started-at="2022-09-10T12:31:00 IST" name="Setup" finished-at="2022-09-10T12:31:03 IST" duration-ms="3586" status="PASS">
          <reporter-output>
          </reporter-output>
        </test-method> <!-- Setup -->
        <test-method signature="Test1()[pri:0, instance:testcases.HomeTest@6dbb137d]" started-at="2022-09-10T12:31:03 IST" name="Test1" finished-at="2022-09-10T12:31:03 IST" duration-ms="2" status="PASS">
          <reporter-output>
          </reporter-output>
        </test-method> <!-- Test1 -->
        <test-method is-config="true" signature="TeadDown()[pri:0, instance:testcases.HomeTest@6dbb137d]" started-at="2022-09-10T12:31:03 IST" name="TeadDown" finished-at="2022-09-10T12:31:03 IST" duration-ms="115" status="PASS">
          <reporter-output>
          </reporter-output>
        </test-method> <!-- TeadDown -->
      </class> <!-- testcases.HomeTest -->
      <class name="testcases.SimplilearnLoginTest">
        <test-method is-config="true" signature="Setup()[pri:0, instance:testcases.SimplilearnLoginTest@48aaecc3]" started-at="2022-09-10T12:31:03 IST" name="Setup" finished-at="2022-09-10T12:31:06 IST" duration-ms="3004" status="PASS">
          <reporter-output>
          </reporter-output>
        </test-method> <!-- Setup -->
        <test-method signature="Test1()[pri:0, instance:testcases.SimplilearnLoginTest@48aaecc3]" started-at="2022-09-10T12:31:06 IST" name="Test1" finished-at="2022-09-10T12:31:12 IST" duration-ms="5848" status="PASS">
          <reporter-output>
          </reporter-output>
        </test-method> <!-- Test1 -->
        <test-method is-config="true" signature="TeadDown()[pri:0, instance:testcases.SimplilearnLoginTest@48aaecc3]" started-at="2022-09-10T12:31:12 IST" name="TeadDown" finished-at="2022-09-10T12:31:12 IST" duration-ms="68" status="PASS">
          <reporter-output>
          </reporter-output>
        </test-method> <!-- TeadDown -->
        <test-method is-config="true" signature="Setup()[pri:0, instance:testcases.SimplilearnLoginTest@48aaecc3]" started-at="2022-09-10T12:31:12 IST" name="Setup" finished-at="2022-09-10T12:31:15 IST" duration-ms="2973" status="PASS">
          <reporter-output>
          </reporter-output>
        </test-method> <!-- Setup -->
        <test-method signature="Test2()[pri:0, instance:testcases.SimplilearnLoginTest@48aaecc3]" started-at="2022-09-10T12:31:15 IST" name="Test2" finished-at="2022-09-10T12:31:20 IST" duration-ms="4822" status="PASS">
          <reporter-output>
          </reporter-output>
        </test-method> <!-- Test2 -->
        <test-method is-config="true" signature="TeadDown()[pri:0, instance:testcases.SimplilearnLoginTest@48aaecc3]" started-at="2022-09-10T12:31:20 IST" name="TeadDown" finished-at="2022-09-10T12:31:20 IST" duration-ms="111" status="PASS">
          <reporter-output>
          </reporter-output>
        </test-method> <!-- TeadDown -->
      </class> <!-- testcases.SimplilearnLoginTest -->
    </test> <!-- Test -->
  </suite> <!-- Suite -->
</testng-results>
