<?xml version="1.0" encoding="UTF-8"?>
<testng-results ignored="0" total="3" passed="3" failed="0" skipped="0">
  <reporter-output>
  </reporter-output>
  <suite started-at="2022-09-18T04:16:29Z" name="Suite" finished-at="2022-09-18T04:16:59Z" duration-ms="30938">
    <groups>
    </groups>
    <test started-at="2022-09-18T04:16:29Z" name="Test" finished-at="2022-09-18T04:16:59Z" duration-ms="30938">
      <class name="testcases.SimplilearnLoginTest">
        <test-method is-config="true" signature="DataSetup()[pri:0, instance:testcases.SimplilearnLoginTest@20f5281c]" started-at="2022-09-18T04:16:29Z" name="DataSetup" finished-at="2022-09-18T04:16:29Z" duration-ms="844" status="PASS">
          <reporter-output>
          </reporter-output>
        </test-method> <!-- DataSetup -->
        <test-method is-config="true" signature="Setup(java.lang.reflect.Method)[pri:0, instance:testcases.SimplilearnLoginTest@20f5281c]" started-at="2022-09-18T04:16:29Z" name="Setup" finished-at="2022-09-18T04:16:33Z" duration-ms="3787" status="PASS">
          <params>
            <param index="0">
              <value>
                <![CDATA[public void testcases.SimplilearnLoginTest.Test1()]]>
              </value>
            </param>
          </params>
          <reporter-output>
          </reporter-output>
        </test-method> <!-- Setup -->
        <test-method signature="Test1()[pri:0, instance:testcases.SimplilearnLoginTest@20f5281c]" started-at="2022-09-18T04:16:33Z" name="Test1" finished-at="2022-09-18T04:16:40Z" duration-ms="6478" status="PASS">
          <reporter-output>
          </reporter-output>
        </test-method> <!-- Test1 -->
        <test-method is-config="true" signature="TearDown()[pri:0, instance:testcases.SimplilearnLoginTest@20f5281c]" started-at="2022-09-18T04:16:40Z" name="TearDown" finished-at="2022-09-18T04:16:40Z" duration-ms="96" status="PASS">
          <reporter-output>
          </reporter-output>
        </test-method> <!-- TearDown -->
        <test-method is-config="true" signature="Setup(java.lang.reflect.Method)[pri:0, instance:testcases.SimplilearnLoginTest@20f5281c]" started-at="2022-09-18T04:16:40Z" name="Setup" finished-at="2022-09-18T04:16:43Z" duration-ms="3262" status="PASS">
          <params>
            <param index="0">
              <value>
                <![CDATA[public void testcases.SimplilearnLoginTest.Test2(java.lang.String,java.lang.String)]]>
              </value>
            </param>
          </params>
          <reporter-output>
          </reporter-output>
        </test-method> <!-- Setup -->
        <test-method signature="Test2(java.lang.String, java.lang.String)[pri:0, instance:testcases.SimplilearnLoginTest@20f5281c]" started-at="2022-09-18T04:16:43Z" name="Test2" finished-at="2022-09-18T04:16:49Z" duration-ms="6314" status="PASS">
          <params>
            <param index="0">
              <value>
                <![CDATA[abc@xyz.com]]>
              </value>
            </param>
            <param index="1">
              <value>
                <![CDATA[Abc@1234]]>
              </value>
            </param>
          </params>
          <reporter-output>
          </reporter-output>
        </test-method> <!-- Test2 -->
        <test-method is-config="true" signature="TearDown()[pri:0, instance:testcases.SimplilearnLoginTest@20f5281c]" started-at="2022-09-18T04:16:49Z" name="TearDown" finished-at="2022-09-18T04:16:50Z" duration-ms="170" status="PASS">
          <reporter-output>
          </reporter-output>
        </test-method> <!-- TearDown -->
        <test-method is-config="true" signature="Setup(java.lang.reflect.Method)[pri:0, instance:testcases.SimplilearnLoginTest@20f5281c]" started-at="2022-09-18T04:16:50Z" name="Setup" finished-at="2022-09-18T04:16:53Z" duration-ms="3269" status="PASS">
          <params>
            <param index="0">
              <value>
                <![CDATA[public void testcases.SimplilearnLoginTest.Test3()]]>
              </value>
            </param>
          </params>
          <reporter-output>
          </reporter-output>
        </test-method> <!-- Setup -->
        <test-method signature="Test3()[pri:0, instance:testcases.SimplilearnLoginTest@20f5281c]" started-at="2022-09-18T04:16:53Z" name="Test3" finished-at="2022-09-18T04:16:59Z" duration-ms="6231" status="PASS">
          <reporter-output>
          </reporter-output>
        </test-method> <!-- Test3 -->
        <test-method is-config="true" signature="TearDown()[pri:0, instance:testcases.SimplilearnLoginTest@20f5281c]" started-at="2022-09-18T04:16:59Z" name="TearDown" finished-at="2022-09-18T04:16:59Z" duration-ms="143" status="PASS">
          <reporter-output>
          </reporter-output>
        </test-method> <!-- TearDown -->
        <test-method is-config="true" signature="DataClean()[pri:0, instance:testcases.SimplilearnLoginTest@20f5281c]" started-at="2022-09-18T04:16:59Z" name="DataClean" finished-at="2022-09-18T04:16:59Z" duration-ms="308" status="PASS">
          <reporter-output>
          </reporter-output>
        </test-method> <!-- DataClean -->
      </class> <!-- testcases.SimplilearnLoginTest -->
    </test> <!-- Test -->
  </suite> <!-- Suite -->
</testng-results>
